2017-11-20T02:59:33.702Z - normal: Load ~/.CocosCreator/settings.json
2017-11-20T02:59:33.707Z - normal: checking language setting...
2017-11-20T02:59:33.708Z - normal: Language: zh
2017-11-20T02:59:36.161Z - success: protocol editor-framework registered
2017-11-20T02:59:36.161Z - success: protocol app registered
2017-11-20T02:59:36.161Z - success: protocol theme registered
2017-11-20T02:59:36.161Z - success: protocol profile registered
2017-11-20T02:59:36.161Z - success: protocol packages registered
2017-11-20T02:59:36.161Z - success: protocol unpack registerred
2017-11-20T02:59:36.161Z - success: protocol disable-commonjs registerred
2017-11-20T02:59:36.285Z - normal: connected!
2017-11-20T02:59:36.289Z - normal: Check project F:\shisanshui\client
2017-11-20T02:59:36.292Z - normal: Initializing Cocos2d
2017-11-20T02:59:36.946Z - normal: Initializing Asset Database
2017-11-20T02:59:36.978Z - success: protocol uuid registerred
2017-11-20T02:59:36.978Z - success: protocol db registerred
2017-11-20T02:59:36.978Z - success: protocol thumbnail registerred
2017-11-20T02:59:36.978Z - normal: Loading editor/builtin packages
2017-11-20T02:59:37.229Z - success: assets loaded
2017-11-20T02:59:37.229Z - success: builder loaded
2017-11-20T02:59:37.229Z - success: hierarchy loaded
2017-11-20T02:59:37.244Z - success: inspector loaded
2017-11-20T02:59:37.244Z - success: keystore loaded
2017-11-20T02:59:37.244Z - success: node-library loaded
2017-11-20T02:59:37.244Z - success: preferences loaded
2017-11-20T02:59:37.260Z - success: project-importer loaded
2017-11-20T02:59:37.260Z - success: project-settings loaded
2017-11-20T02:59:37.260Z - success: ui-kit loaded
2017-11-20T02:59:37.291Z - success: ui-grid loaded
2017-11-20T02:59:37.291Z - success: scene loaded
2017-11-20T02:59:37.291Z - success: sprite-editor loaded
2017-11-20T02:59:37.478Z - success: store loaded
2017-11-20T02:59:37.494Z - success: timeline loaded
2017-11-20T02:59:37.494Z - normal: Loading builtin packages
2017-11-20T02:59:37.541Z - success: anysdk loaded
2017-11-20T02:59:37.541Z - success: asset-db-debugger loaded
2017-11-20T02:59:37.541Z - success: code-editor loaded
2017-11-20T02:59:37.556Z - success: color-picker loaded
2017-11-20T02:59:37.556Z - success: console loaded
2017-11-20T02:59:37.572Z - success: package-manager loaded
2017-11-20T02:59:37.572Z - success: tester loaded
2017-11-20T02:59:37.572Z - success: ui-kit-preview-extra loaded
2017-11-20T02:59:37.572Z - success: ui-kit-preview loaded
2017-11-20T02:59:37.572Z - success: ui-tree loaded
2017-11-20T02:59:37.718Z - normal: Initializing project F:\shisanshui\client
2017-11-20T02:59:37.718Z - normal: Loading packages
2017-11-20T02:59:37.718Z - normal: Watching packages
2017-11-20T02:59:37.765Z - normal: Run Application
2017-11-20T02:59:40.591Z - warn: [SpriteAtlas import] Some of the frame keys have been reformatted : ["UI资源/粒子.png","UI资源/俱乐部_字.png","UI资源/c_00004.png","UI资源/c_00003.png","UI资源/c_00002.png","UI资源/c_00001.png","UI资源/c_00000.png","UI资源/g.png","UI资源/xd.png","UI资源/p.png","UI资源/创建.png","UI资源/cj_00009.png","UI资源/cj_00008.png","UI资源/cj_00007.png","UI资源/cj_00006.png","UI资源/cj_00005.png","UI资源/cj_00004.png","UI资源/jr_00003.png","UI资源/jr_00002.png","UI资源/jr_00001.png","UI资源/jr_00000.png","UI资源/闪光0.png","UI资源/加入.png"]
2017-11-20T02:59:41.381Z - warn: [SpriteAtlas import] Some of the frame keys have been reformatted : ["特按钮资源/quan2.png","特殊排型/battle-penjinbi-jinbi.png","特按钮资源/q_g.png","特按钮资源/特.png","coin_effect_dir/Symbol 1.png","coin_effect_dir/Symbol 2.png","coin_effect_dir/Symbol 3.png","特殊排型/04.png","特殊排型/03.png","特殊排型/02.png","特殊排型/01.png","特殊排型/枪.png","特殊排型/hit_02.png","特殊排型/hit_01.png","比牌资源/比牌中_3.png","比牌资源/比牌中_2.png","理牌中资源/理牌中_2.png","理牌中资源/理牌中_1.png","录音资源/录音_4.png","录音资源/录音_3.png","录音资源/录音_1.png","录音资源/录音_5.png","特殊排型/球.png","特殊排型/棒球棍.png","特殊排型/棒球套.png","特殊排型/q_字.png","start/kaishi.png","start/zi.png","start/01.png","start/shanguan.png","start/爆点.png","start/quan.png","start/qiang.png","start/翅膀.png","特殊排型/字.png","特殊排型/笋01.png","特殊排型/土.png","特殊排型/笋.png","特殊排型/笋02.png","特殊排型/tu.png","特殊排型/3_zi.png","特殊排型/6_zi.png","特殊排型/底.png","特殊排型/5_字.png","特殊排型/四_zi&#032.png","特殊排型/5_土.png","特殊排型/5_笋.png","特殊排型/5_笋01.png","特殊排型/5_笋02.png","特殊排型/5_tu.png","特殊排型/c_zi&#032.png","特殊排型/ui_fanpaidonghua.png","特殊排型/6_hua.png","特殊排型/6_hua01.png","特殊排型/白.png","特殊排型/方块.png","特殊排型/梅花.png","特殊排型/红.png","特殊排型/黑桃.png","特殊排型/全小_zi&#032.png","特殊排型/全_zi&#032.png","特殊排型/5_底.png","特殊排型/5_yun&#032.png","特殊排型/5_yun01.png","特殊排型/三_zi&#032.png","特殊排型/花瓣02.png","特殊排型/花瓣01.png","特殊排型/花瓣03.png","特殊排型/花.png","特殊排型/花01.png","特殊排型/3_字.png","特殊排型/彩虹.png","特殊排型/qi.png","特殊排型/皇冠.png","特殊排型/十二_zi.png","特殊排型/法杖.png","特殊排型/1_zi.png","特殊排型/龙.png","特殊排型/q_云02.png","特殊排型/q_云01.png","特殊排型/至尊_字.png","特殊排型/青龙.png","特殊排型/q_底.png"]
2017-11-20T02:59:50.469Z - success: preview server running at http://localhost:7456
2017-11-20T02:59:50.469Z - normal: Compiling scripts...
2017-11-20T02:59:55.163Z - normal: Compiled project javascript file successfully
2017-11-20T03:00:01.560Z - normal: 1.4.0
2017-11-20T03:08:32.153Z - warn: Failed to send ipc message scene:query-hierarchy to panel scene, panel not found
2017-11-20T03:13:50.090Z - normal: Compiled project javascript file successfully
2017-11-20T03:20:02.698Z - normal: Compiled project javascript file successfully
